<?xml version="1.0" encoding="UTF-8"?>
<coverage generated="1598231008217" clover="3.2.0">
  <project timestamp="1598231008217" name="All files">
    <metrics statements="16" coveredstatements="16" conditionals="8" coveredconditionals="5" methods="6" coveredmethods="5" elements="30" coveredelements="26" complexity="0" loc="16" ncloc="16" packages="2" files="2" classes="2"/>
    <package name="Services">
      <metrics statements="10" coveredstatements="10" conditionals="8" coveredconditionals="5" methods="5" coveredmethods="4"/>
      <file name="Api.js" path="/Users/rahmatzulfikri/Projects/Nulis/Testing/Jest02/App/Services/Api.js">
        <metrics statements="10" coveredstatements="10" conditionals="8" coveredconditionals="5" methods="5" coveredmethods="4"/>
        <line num="1" count="1" type="stmt"/>
        <line num="2" count="1" type="cond" truecount="3" falsecount="1"/>
        <line num="5" count="1" type="cond" truecount="2" falsecount="2"/>
        <line num="12" count="1" type="stmt"/>
        <line num="37" count="1" type="stmt"/>
        <line num="38" count="1" type="stmt"/>
        <line num="39" count="1" type="stmt"/>
        <line num="53" count="1" type="stmt"/>
        <line num="62" count="1" type="stmt"/>
        <line num="63" count="1" type="stmt"/>
      </file>
    </package>
    <package name="Transforms">
      <metrics statements="6" coveredstatements="6" conditionals="0" coveredconditionals="0" methods="1" coveredmethods="1"/>
      <file name="Scale.js" path="/Users/rahmatzulfikri/Projects/Nulis/Testing/Jest02/App/Transforms/Scale.js">
        <metrics statements="6" coveredstatements="6" conditionals="0" coveredconditionals="0" methods="1" coveredmethods="1"/>
        <line num="1" count="1" type="stmt"/>
        <line num="3" count="1" type="stmt"/>
        <line num="4" count="1" type="stmt"/>
        <line num="6" count="1" type="stmt"/>
        <line num="7" count="1" type="stmt"/>
        <line num="8" count="1" type="stmt"/>
      </file>
    </package>
  </project>
</coverage>
