{"/Users/rahmatzulfikri/Projects/Nulis/Testing/Jest02/App/Services/Api.js": {"path":"/Users/rahmatzulfikri/Projects/Nulis/Testing/Jest02/App/Services/Api.js","statementMap":{"0":{"start":{"line":1,"column":13},"end":{"line":1,"column":75}},"1":{"start":{"line":1,"column":75},"end":{"line":1,"column":100}},"2":{"start":{"line":2,"column":16},"end":{"line":2,"column":59}},"3":{"start":{"line":2,"column":98},"end":{"line":2,"column":152}},"4":{"start":{"line":5,"column":13},"end":{"line":59,"column":1}},"5":{"start":{"line":5,"column":46},"end":{"line":5,"column":139}},"6":{"start":{"line":12,"column":12},"end":{"line":20,"column":21}},"7":{"start":{"line":37,"column":16},"end":{"line":37,"column":56}},"8":{"start":{"line":37,"column":36},"end":{"line":37,"column":55}},"9":{"start":{"line":38,"column":16},"end":{"line":38,"column":66}},"10":{"start":{"line":38,"column":36},"end":{"line":38,"column":65}},"11":{"start":{"line":39,"column":16},"end":{"line":39,"column":93}},"12":{"start":{"line":39,"column":44},"end":{"line":39,"column":92}},"13":{"start":{"line":53,"column":2},"end":{"line":57,"column":23}},"14":{"start":{"line":62,"column":0},"end":{"line":63,"column":18}},"15":{"start":{"line":63,"column":19},"end":{"line":63,"column":46}}},"fnMap":{"0":{"name":"_interopRequireDefault","decl":{"start":{"line":2,"column":69},"end":{"line":2,"column":91}},"loc":{"start":{"line":2,"column":97},"end":{"line":2,"column":153}},"line":2},"1":{"name":"create","decl":{"start":{"line":5,"column":22},"end":{"line":5,"column":28}},"loc":{"start":{"line":5,"column":31},"end":{"line":59,"column":1}},"line":5},"2":{"name":"getRoot","decl":{"start":{"line":37,"column":25},"end":{"line":37,"column":32}},"loc":{"start":{"line":37,"column":35},"end":{"line":37,"column":56}},"line":37},"3":{"name":"getRate","decl":{"start":{"line":38,"column":25},"end":{"line":38,"column":32}},"loc":{"start":{"line":38,"column":35},"end":{"line":38,"column":66}},"line":38},"4":{"name":"getUser","decl":{"start":{"line":39,"column":25},"end":{"line":39,"column":32}},"loc":{"start":{"line":39,"column":43},"end":{"line":39,"column":93}},"line":39}},"branchMap":{"0":{"loc":{"start":{"line":2,"column":105},"end":{"line":2,"column":151}},"type":"cond-expr","locations":[{"start":{"line":2,"column":129},"end":{"line":2,"column":132}},{"start":{"line":2,"column":135},"end":{"line":2,"column":151}}],"line":2},"1":{"loc":{"start":{"line":2,"column":105},"end":{"line":2,"column":126}},"type":"binary-expr","locations":[{"start":{"line":2,"column":105},"end":{"line":2,"column":108}},{"start":{"line":2,"column":112},"end":{"line":2,"column":126}}],"line":2},"2":{"loc":{"start":{"line":5,"column":46},"end":{"line":5,"column":139}},"type":"cond-expr","locations":[{"start":{"line":5,"column":99},"end":{"line":5,"column":111}},{"start":{"line":5,"column":114},"end":{"line":5,"column":139}}],"line":5},"3":{"loc":{"start":{"line":5,"column":46},"end":{"line":5,"column":96}},"type":"binary-expr","locations":[{"start":{"line":5,"column":46},"end":{"line":5,"column":66}},{"start":{"line":5,"column":70},"end":{"line":5,"column":96}}],"line":5}},"s":{"0":1,"1":1,"2":1,"3":1,"4":1,"5":1,"6":1,"7":1,"8":0,"9":1,"10":1,"11":1,"12":1,"13":1,"14":1,"15":1},"f":{"0":1,"1":1,"2":0,"3":1,"4":1},"b":{"0":[1,0],"1":[1,1],"2":[0,1],"3":[1,0]},"inputSourceMap":null,"_coverageSchema":"1a1c01bbd47fc00a2c39e90264f33305004495a9","hash":"5d1a2cd2a45e180b10effc61fd9f60b0c2a07c66"}
,"/Users/rahmatzulfikri/Projects/Nulis/Testing/Jest02/App/Transforms/Scale.js": {"path":"/Users/rahmatzulfikri/Projects/Nulis/Testing/Jest02/App/Transforms/Scale.js","statementMap":{"0":{"start":{"line":1,"column":13},"end":{"line":1,"column":75}},"1":{"start":{"line":1,"column":75},"end":{"line":1,"column":100}},"2":{"start":{"line":1,"column":119},"end":{"line":1,"column":142}},"3":{"start":{"line":3,"column":0},"end":{"line":3,"column":37}},"4":{"start":{"line":3,"column":46},"end":{"line":3,"column":67}},"5":{"start":{"line":4,"column":19},"end":{"line":4,"column":22}},"6":{"start":{"line":6,"column":0},"end":{"line":8,"column":1}},"7":{"start":{"line":7,"column":2},"end":{"line":7,"column":43}},"8":{"start":{"line":8,"column":2},"end":{"line":8,"column":29}}},"fnMap":{"0":{"name":"_default","decl":{"start":{"line":6,"column":9},"end":{"line":6,"column":17}},"loc":{"start":{"line":6,"column":30},"end":{"line":8,"column":1}},"line":6}},"branchMap":{},"s":{"0":1,"1":1,"2":1,"3":1,"4":1,"5":1,"6":1,"7":1,"8":1},"f":{"0":1},"b":{},"inputSourceMap":null,"_coverageSchema":"1a1c01bbd47fc00a2c39e90264f33305004495a9","hash":"15ec18959b683fa61ce1cb41774af4ec64b27855"}
}
