TN:
SF:App/Services/Api.js
FN:2,_interopRequireDefault
FN:5,create
FN:37,getRoot
FN:38,getRate
FN:39,getUser
FNF:5
FNH:4
FNDA:1,_interopRequireDefault
FNDA:1,create
FNDA:0,getRoot
FNDA:1,getRate
FNDA:1,getUser
DA:1,1
DA:2,1
DA:5,1
DA:12,1
DA:37,1
DA:38,1
DA:39,1
DA:53,1
DA:62,1
DA:63,1
LF:10
LH:10
BRDA:2,0,0,1
BRDA:2,0,1,0
BRDA:2,1,0,1
BRDA:2,1,1,1
BRDA:5,2,0,0
BRDA:5,2,1,1
BRDA:5,3,0,1
BRDA:5,3,1,0
BRF:8
BRH:5
end_of_record
TN:
SF:App/Transforms/Scale.js
FN:6,_default
FNF:1
FNH:1
FNDA:1,_default
DA:1,1
DA:3,1
DA:4,1
DA:6,1
DA:7,1
DA:8,1
LF:6
LH:6
BRF:0
BRH:0
end_of_record
